<?xml version="1.0" encoding="UTF-8"?>
<!-- Generated by org.testng.reporters.JUnitXMLReporter -->
<testsuite ignored="0" hostname="LAPTOP-RGS5OD79" failures="0" tests="5" name="Default test" time="63.262" errors="0" timestamp="2021-11-28T18:09:31 IST">
  <testcase classname="com.stackroute.SpicejetTest.SpicejetTest" name="homepageTest" time="7.179"/>
  <testcase classname="com.stackroute.SpicejetTest.SpicejetTest" name="PricechooseTest" time="8.148"/>
  <testcase classname="com.stackroute.SpicejetTest.SpicejetTest" name="DataInsertionTest" time="6.54"/>
  <testcase classname="com.stackroute.SpicejetTest.SpicejetTest" name="addonsTest" time="9.768"/>
  <testcase classname="com.stackroute.SpicejetTest.SpicejetTest" name="FinalpageTest" time="1.3"/>
</testsuite> <!-- Default test -->
