<?xml version="1.0" encoding="UTF-8"?>
<!-- Generated by org.testng.reporters.JUnitXMLReporter -->
<testsuite ignored="0" hostname="LAPTOP-RGS5OD79" failures="0" tests="5" name="testng" time="48.96" errors="0" timestamp="2021-11-29T09:34:56 IST">
  <testcase classname="com.stackroute.SpicejetTest.SpicejetTest" name="homepageTest" time="7.479"/>
  <testcase classname="com.stackroute.SpicejetTest.SpicejetTest" name="PricechooseTest" time="8.199"/>
  <testcase classname="com.stackroute.SpicejetTest.SpicejetTest" name="DataInsertionTest" time="6.781"/>
  <testcase classname="com.stackroute.SpicejetTest.SpicejetTest" name="AddonsTest" time="9.008"/>
  <testcase classname="com.stackroute.SpicejetTest.SpicejetTest" name="FinalpageTest" time="0.056"/>
</testsuite> <!-- testng -->
